Arguments: 
  C:\Program Files\nodejs\node.exe C:\Program Files\nodejs\node_modules\yarn\bin\yarn.js add eureka.helper

PATH: 
  C:\Program Files\Common Files\Oracle\Java\javapath;C:\Program Files (x86)\Common Files\Oracle\Java\javapath;C:\Program Files (x86)\VMware\VMware Player\bin\;C:\ProgramData\Oracle\Java\javapath;C:\windows\system32;C:\windows;C:\windows\System32\Wbem;C:\windows\System32\WindowsPowerShell\v1.0\;C:\windows\System32\OpenSSH\;C:\Program Files\NVIDIA Corporation\NVIDIA NvDLISR;C:\Program Files\apache-maven-3.3.3\bin;C:\Program Files\node-v14.15.1-win-x64\node_modules\npm\bin;C:\Program Files\Microsoft SQL Server\130\Tools\Binn\;C:\Program Files\MySQL\MySQL Utilities 1.6\;C:\Program Files\Git\cmd;C:\Program Files\Microsoft SQL Server\150\Tools\Binn\;C:\Program Files\dotnet\;C:\ProgramData\chocolatey\bin;C:\Program Files\Microsoft SQL Server\Client SDK\ODBC\170\Tools\Binn\;C:\Program Files\MongoDB\Server\6.0\bin;C:\Users\omari\AppData\Roaming\nvm;C:\Program Files\nodejs;C:\Users\omari\Desktop\redis;C:\composer;C:\HashiCorp\Vagrant\bin;C:\Program Files\java\jdk-17.0.8\bin;C:\xampp\PHP;C:\Program Files\Docker\Docker\resources\bin;C:\Users\omari\AppData\Local\Programs\Python\Python311\Scripts\;C:\Users\omari\AppData\Local\Programs\Python\Python311\;C:\Python\Python310\Scripts\;C:\Python\Python310\;C:\Users\omari\AppData\Local\Microsoft\WindowsApps;C:\Program Files\java\jdk-17.0.8\bin;C:\Program Files\apache-maven-3.3.3\bin;C:\Program Files\JetBrains\WebStorm 2022.2.1\bin;;C:\Program Files\MongoDB\Server\4.0\bin;%CLASSPATH%\servlet-api.jar;%CATALINA_HOME%\bin;C:\Users\omari\AppData\Local\Programs\Microsoft VS Code\bin;C:\Users\omari\AppData\Roaming\npm;C:\Users\omari\.dotnet\tools;C:\Users\omari\AppData\Local\GitHubDesktop\bin;C:\Users\omari\AppData\Roaming\nvm;C:\Program Files\nodejs;C:\Users\omari\AppData\Roaming\Composer\vendor\bin;

Yarn version: 
  1.22.19

Node version: 
  16.16.0

Platform: 
  win32 x64

Trace: 
  Error: https://registry.yarnpkg.com/eureka.helper: Not found
      at Request.params.callback [as _callback] (C:\Users\omari\AppData\Roaming\nvm\v16.16.0\node_modules\yarn\lib\cli.js:66145:18)
      at Request.self.callback (C:\Users\omari\AppData\Roaming\nvm\v16.16.0\node_modules\yarn\lib\cli.js:140890:22)
      at Request.emit (node:events:527:28)
      at Request.<anonymous> (C:\Users\omari\AppData\Roaming\nvm\v16.16.0\node_modules\yarn\lib\cli.js:141862:10)
      at Request.emit (node:events:527:28)
      at IncomingMessage.<anonymous> (C:\Users\omari\AppData\Roaming\nvm\v16.16.0\node_modules\yarn\lib\cli.js:141784:12)
      at Object.onceWrapper (node:events:641:28)
      at IncomingMessage.emit (node:events:539:35)
      at endReadableNT (node:internal/streams/readable:1345:12)
      at processTicksAndRejections (node:internal/process/task_queues:83:21)

npm manifest: 
  {
    "name": "node",
    "version": "1.0.0",
    "description": "",
    "main": "index.js",
    "scripts": {
      "start": "node index.js",
      "dev": "nodemon index.js"
    },
    "author": "",
    "license": "ISC",
    "dependencies": {
      "axios": "^1.1.3",
      "body-parser": "^1.20.1",
      "cors": "^2.8.5",
      "dotenv": "^16.0.3",
      "eureka-js-client": "^4.5.0",
      "express": "^4.18.2",
      "mongoose": "^6.6.5",
      "nodemon": "^2.0.20"
    }
  }

yarn manifest: 
  No manifest

Lockfile: 
  No lockfile
